<?xml version="1.0" encoding="UTF-8"?>
<testng-results ignored="0" total="1" passed="1" failed="0" skipped="0">
  <reporter-output>
  </reporter-output>
  <suite started-at="2021-03-22T22:21:43 IST" name="Default suite" finished-at="2021-03-22T22:21:45 IST" duration-ms="1856">
    <groups>
    </groups>
    <test started-at="2021-03-22T22:21:43 IST" name="Default test" finished-at="2021-03-22T22:21:45 IST" duration-ms="1856">
      <class name="com.restapi.QA.testcase.POSTAPITest">
        <test-method is-config="true" signature="setup()[pri:0, instance:com.restapi.QA.testcase.POSTAPITest@1018bde2]" started-at="2021-03-22T22:21:43 IST" name="setup" finished-at="2021-03-22T22:21:43 IST" duration-ms="5" status="PASS">
          <reporter-output>
          </reporter-output>
        </test-method> <!-- setup -->
        <test-method signature="postAPITest()[pri:0, instance:com.restapi.QA.testcase.POSTAPITest@1018bde2]" started-at="2021-03-22T22:21:43 IST" name="postAPITest" finished-at="2021-03-22T22:21:44 IST" duration-ms="1805" status="PASS">
          <reporter-output>
          </reporter-output>
        </test-method> <!-- postAPITest -->
      </class> <!-- com.restapi.QA.testcase.POSTAPITest -->
    </test> <!-- Default test -->
  </suite> <!-- Default suite -->
</testng-results>
